============================================================
  Generated by:           Genus(TM) Synthesis Solution 23.14-s090_1
  Generated on:           Nov 09 2025  04:01:47 pm
  Module:                 benes
  Operating conditions:   PVT_1P2V_25C 
  Interconnect mode:      global
  Area mode:              physical library
============================================================

                                 Leakage    Internal                                  Library 
  Gate    Instances    Area    Power (nW)  Power (nW)              Library             Domain 
----------------------------------------------------------------------------------------------
aoi22_1x        512   2686.976   1118.906   335524.059    MITLL90_STDLIB_8T.tt1p2v25c       0 
inv_2x           16     50.381     56.432     5856.457    MITLL90_STDLIB_8T.tt1p2v25c       0 
mux2_1x         512   3761.766   1977.583  2333698.000    MITLL90_STDLIB_8T.tt1p2v25c       0 
muxi2_1x       3584  22570.598   7575.817  4026844.290    MITLL90_STDLIB_8T.tt1p2v25c       0 
----------------------------------------------------------------------------------------------
total          4624  29069.722  10728.738  6701922.807                                


                                            Leakage  Leakage   Internal  Internal 
     Type      Instances    Area   Area % Power (nW) Power %  Power (nW)  Power % 
----------------------------------------------------------------------------------
inverter              16    50.381    0.2     56.432     0.5    5856.457      0.1 
logic               4608 29019.341   99.8  10672.306    99.5 6696066.349     99.9 
physical_cells         0     0.000    0.0      0.000     0.0       0.000      0.0 
----------------------------------------------------------------------------------
total               4624 29069.722  100.0  10728.738   100.0 6701922.807    100.0 

