============================================================
  Generated by:           Genus(TM) Synthesis Solution 23.14-s090_1
  Generated on:           Nov 09 2025  04:01:29 pm
  Module:                 benes
  Operating conditions:   PVT_1P2V_25C 
  Interconnect mode:      global
  Area mode:              physical library
============================================================

Timing
--------

Analysis view  Clock Period 
----------------------------
view_1p2_25   clock1 1250.0 


  Analysis    Cost   Critical        Violating 
    View     Group  Path Slack  TNS    Paths   
-----------------------------------------------
view_1p2_25  clock1       84.5  0.0          0 
            default   No paths  0.0          0 
-----------------------------------------------
Total                          -0.0          0 
                                               

Instance Count
--------------
Leaf Instance Count             4624 
Physical Instance count            0 
Sequential Instance Count          0 
Combinational Instance Count    4624 
Hierarchical Instance Count        0 

Area
----
Cell Area                          29069.722
Physical Cell Area                 0.000
Total Cell Area (Cell+Physical)    29069.722
Net Area                           19459.632
Total Area (Cell+Physical+Net)     48529.354

Power
-----
Leakage Power                      10728.738 nW
Dynamic Power                      16091944.673 nW
Total Power                        16102673.410 nW

Max Fanout                         33 (control_bit[15])
Min Fanout                         1 (xif_out[0][0])
Average Fanout                     2.8
Terms to net ratio                 3.5939
Terms to instance ratio            4.1038
Runtime                            57.750792 seconds
Elapsed Runtime                    61 seconds
Genus peak memory usage            1824.04 
Innovus peak memory usage          no_value 
Hostname                           asicfab.ecn.purdue.edu
