============================================================
  Generated by:           Genus(TM) Synthesis Solution 23.14-s090_1
  Generated on:           Nov 09 2025  04:47:35 pm
  Module:                 benes
  Operating conditions:   PVT_1P2V_25C 
  Interconnect mode:      global
  Area mode:              physical library
============================================================

                                  Leakage     Internal                                  Library 
   Gate    Instances    Area    Power (nW)   Power (nW)              Library             Domain 
------------------------------------------------------------------------------------------------
mux2_1x         1536  11285.299   5900.963   2974068.880    MITLL90_STDLIB_8T.tt1p2v25c       0 
muxi2_1x        1024   6448.742   2163.981   1050920.397    MITLL90_STDLIB_8T.tt1p2v25c       0 
sdffrq_1x       2048  42991.616  18043.777  29430151.097    MITLL90_STDLIB_8T.tt1p2v25c       0 
------------------------------------------------------------------------------------------------
total           4608  60725.658  26108.722  33455140.375                                


                                            Leakage  Leakage   Internal   Internal 
     Type      Instances    Area   Area % Power (nW) Power %  Power (nW)   Power % 
-----------------------------------------------------------------------------------
sequential          2048 42991.616   70.8  18043.777    69.1 29430151.097     88.0 
logic               2560 17734.042   29.2   8064.945    30.9  4024989.277     12.0 
physical_cells         0     0.000    0.0      0.000     0.0        0.000      0.0 
-----------------------------------------------------------------------------------
total               4608 60725.658  100.0  26108.722   100.0 33455140.375    100.0 

