============================================================
  Generated by:           Genus(TM) Synthesis Solution 23.14-s090_1
  Generated on:           Nov 09 2025  04:47:16 pm
  Module:                 benes
  Operating conditions:   PVT_1P2V_25C 
  Interconnect mode:      global
  Area mode:              physical library
============================================================

Timing
--------

Analysis view  Clock Period 
----------------------------
view_1p2_25   clock1 1250.0 


  Analysis    Cost   Critical        Violating 
    View     Group  Path Slack  TNS    Paths   
-----------------------------------------------
view_1p2_25  clock1      783.8  0.0          0 
            default   No paths  0.0          0 
-----------------------------------------------
Total                          -0.0          0 
                                               

Instance Count
--------------
Leaf Instance Count             4608 
Physical Instance count            0 
Sequential Instance Count       2048 
Combinational Instance Count    2560 
Hierarchical Instance Count        0 

Area
----
Cell Area                          60725.658
Physical Cell Area                 0.000
Total Cell Area (Cell+Physical)    60725.658
Net Area                           18940.462
Total Area (Cell+Physical+Net)     79666.120

Power
-----
Leakage Power                      26108.722 nW
Dynamic Power                      41539600.536 nW
Total Power                        41565709.258 nW

Max Fanout                         2048 (xif_clk)
Min Fanout                         0 (xif_n_rst)
Average Fanout                     3.1
Terms to net ratio                 4.2780
Terms to instance ratio            4.8889
Runtime                            58.248474 seconds
Elapsed Runtime                    60 seconds
Genus peak memory usage            1856.33 
Innovus peak memory usage          no_value 
Hostname                           asicfab.ecn.purdue.edu
