============================================================
  Generated by:           Genus(TM) Synthesis Solution 23.14-s090_1
  Generated on:           Nov 08 2025  10:42:06 pm
  Module:                 cabbage_pipelined
  Operating conditions:   PVT_1P2V_25C 
  Interconnect mode:      global
  Area mode:              physical library
============================================================

                         Instance                                        Module                 Cell-Count  Cell-Area   Net-Area   Total-Area 
----------------------------------------------------------------------------------------------------------------------------------------------
cabbage_pipelined                                         NA                                        135415 545400.499 451121.384   996521.883 
  genblk1[0].blocks[0].genblk1.cinv_piinv                 composeinv_SIZE32_TAGWIDTH5                 4597  16891.213  12956.172    29847.384 
  genblk1[0].blocks[0].genblk1.cinv_r                     composeinv_SIZE32_TAGWIDTH5_1               9243  38070.042  27781.596    65851.638 
  genblk1[0].blocks[0].genblk1.cinv_s                     composeinv_SIZE32_TAGWIDTH5_2               9765  38523.469  28887.389    67410.858 
  genblk1[0].blocks[0].genblk1.cinv_t                     composeinv_SIZE32_TAGWIDTH5_11_22531        9423  38490.931  27944.990    66435.921 
  genblk1[0].blocks[0].genblk1.cinv_u                     composeinv_SIZE32_TAGWIDTH5_11_22532        9479  38694.554  27995.443    66689.996 
  genblk1[0].blocks[0].genblk1.genblk2[0].genblk1.cinv_v  composeinv_SIZE32_TAGWIDTH5_11_22534        9191  37773.005  27449.291    65222.296 
  genblk1[0].blocks[0].genblk1.genblk2[0].genblk1.cinv_w  composeinv_SIZE32_TAGWIDTH5_11_22535        9433  38516.122  27965.502    66481.624 
  genblk1[0].blocks[0].genblk1.genblk2[1].genblk1.cinv_w  composeinv_SIZE32_TAGWIDTH5_11_22537        9120  37686.938  27348.537    65035.474 
  genblk1[0].blocks[0].genblk1.genblk2[2].genblk1.cinv_cp composeinv_SIZE32_TAGWIDTH5_11              4231  16441.984  12096.774    28538.758 
  genblk1[1].blocks[0].genblk1.cinv_piinv                 composeinv_SIZE16_TAGWIDTH5                 1134   4238.285   3009.649     7247.934 
  genblk1[1].blocks[0].genblk1.cinv_r                     composeinv_SIZE16_TAGWIDTH5_14_22521        2070   8223.616   5785.643    14009.259 
  genblk1[1].blocks[0].genblk1.cinv_s                     composeinv_SIZE16_TAGWIDTH5_15_22522        2136   8129.152   5882.335    14011.487 
  genblk1[1].blocks[0].genblk1.cinv_t                     composeinv_SIZE16_TAGWIDTH5_3               2047   7908.736   5510.059    13418.795 
  genblk1[1].blocks[0].genblk1.cinv_u                     composeinv_SIZE16_TAGWIDTH5_3_22528         2110   8029.440   5666.633    13696.073 
  genblk1[1].blocks[0].genblk1.genblk2[0].genblk1.cinv_cp composeinv_SIZE16_TAGWIDTH5_5               1749   6627.174   4659.688    11286.863 
  genblk1[1].blocks[0].genblk1.genblk2[0].genblk1.cinv_w  composeinv_SIZE16_TAGWIDTH5_7               2062   7899.290   5531.775    13431.065 
  genblk1[1].blocks[1].genblk1.cinv_piinv                 composeinv_SIZE16_TAGWIDTH5_22520           1143   4237.235   3030.111     7267.346 
  genblk1[1].blocks[1].genblk1.cinv_r                     composeinv_SIZE16_TAGWIDTH5_14              2024   8159.590   5693.765    13853.355 
  genblk1[1].blocks[1].genblk1.cinv_s                     composeinv_SIZE16_TAGWIDTH5_15              2068   8022.093   5778.872    13800.965 
  genblk1[1].blocks[1].genblk1.cinv_t                     composeinv_SIZE16_TAGWIDTH5_3_22527         2047   7907.686   5510.059    13417.746 
  genblk1[1].blocks[1].genblk1.cinv_u                     composeinv_SIZE16_TAGWIDTH5_3_22526         2111   8031.539   5668.589    13700.128 
  genblk1[1].blocks[1].genblk1.genblk2[0].genblk1.cinv_cp composeinv_SIZE16_TAGWIDTH5_5_22529         1751   6631.373   4669.317    11300.690 
  genblk1[1].blocks[1].genblk1.genblk2[0].genblk1.cinv_w  composeinv_SIZE16_TAGWIDTH5_7_22530         2062   7899.290   5531.775    13431.065 
