============================================================
  Generated by:           Genus(TM) Synthesis Solution 23.14-s090_1
  Generated on:           Nov 08 2025  10:45:00 pm
  Module:                 cabbage_pipelined
  Operating conditions:   PVT_1P2V_25C 
  Interconnect mode:      global
  Area mode:              physical library
============================================================

                                   Leakage      Internal                                  Library 
   Gate    Instances     Area     Power (nW)   Power (nW)              Library             Domain 
--------------------------------------------------------------------------------------------------
and2_1x         2933   12313.907   11639.027   2507422.202    MITLL90_STDLIB_8T.tt1p2v25c       0 
and2_2x           19      99.712     104.941     43729.404    MITLL90_STDLIB_8T.tt1p2v25c       0 
and3_1x         1191    7500.442    4419.299   1056987.250    MITLL90_STDLIB_8T.tt1p2v25c       0 
ao21_1x          350    1836.800    1328.434    560114.476    MITLL90_STDLIB_8T.tt1p2v25c       0 
ao21_2x            6      37.786      31.608     16845.033    MITLL90_STDLIB_8T.tt1p2v25c       0 
ao22_1x          579    4254.029    1904.655    321803.291    MITLL90_STDLIB_8T.tt1p2v25c       0 
aoi21_1x        2336    9807.462    4122.486   2233070.323    MITLL90_STDLIB_8T.tt1p2v25c       0 
aoi22_1x       21028  110354.944   21167.376   7003559.844    MITLL90_STDLIB_8T.tt1p2v25c       0 
aoi22_2x           8      83.968      25.458      3233.494    MITLL90_STDLIB_8T.tt1p2v25c       0 
buf_1x            47     147.994     132.439     39223.258    MITLL90_STDLIB_8T.tt1p2v25c       0 
buf_2x            29     121.754     157.765     24145.713    MITLL90_STDLIB_8T.tt1p2v25c       0 
dffrq_1x         269    4517.478    1870.436   1598066.012    MITLL90_STDLIB_8T.tt1p2v25c       0 
inv_1x         25203   52906.138   43908.877   8106593.197    MITLL90_STDLIB_8T.tt1p2v25c       0 
inv_2x           714    2248.243    2677.987    512818.640    MITLL90_STDLIB_8T.tt1p2v25c       0 
inv_4x           238    1249.024    1832.892    399153.775    MITLL90_STDLIB_8T.tt1p2v25c       0 
inv_6x             1       7.347      11.279      1819.201    MITLL90_STDLIB_8T.tt1p2v25c       0 
latch_1x        3541   33449.702   18492.224   9079145.294    MITLL90_STDLIB_8T.tt1p2v25c       0 
mux2_1x          124     911.053     474.796    203017.558    MITLL90_STDLIB_8T.tt1p2v25c       0 
mux2_2x          168    1410.662     924.105    821577.082    MITLL90_STDLIB_8T.tt1p2v25c       0 
mux2_4x           31     325.376     284.999    400130.702    MITLL90_STDLIB_8T.tt1p2v25c       0 
muxi2_1x         172    1083.187     387.470     47543.248    MITLL90_STDLIB_8T.tt1p2v25c       0 
nand2_1x       19410   61118.208   23767.669   6185582.112    MITLL90_STDLIB_8T.tt1p2v25c       0 
nand2_2x          35     183.680      78.935     28090.756    MITLL90_STDLIB_8T.tt1p2v25c       0 
nand2_4x           1       9.446       6.067      2106.917    MITLL90_STDLIB_8T.tt1p2v25c       0 
nand3_1x       12743   53500.211   44676.843   6731348.806    MITLL90_STDLIB_8T.tt1p2v25c       0 
nand3_2x           1       8.397       2.463      1111.521    MITLL90_STDLIB_8T.tt1p2v25c       0 
nor2_1x        20493   64528.358   23992.152   5350727.486    MITLL90_STDLIB_8T.tt1p2v25c       0 
nor2_2x            4      20.992      11.099      1943.693    MITLL90_STDLIB_8T.tt1p2v25c       0 
nor2_4x            9      85.018      52.654     18794.206    MITLL90_STDLIB_8T.tt1p2v25c       0 
nor3_1x         8745   36715.008   15546.170   4971768.970    MITLL90_STDLIB_8T.tt1p2v25c       0 
nor3_2x         1516   12729.549    3535.174    657427.118    MITLL90_STDLIB_8T.tt1p2v25c       0 
oa21_1x          541    2839.168    2319.310    946863.030    MITLL90_STDLIB_8T.tt1p2v25c       0 
oa21_2x            7      44.083      40.836     18195.160    MITLL90_STDLIB_8T.tt1p2v25c       0 
oa22_1x          435    3196.032    1367.209    195823.758    MITLL90_STDLIB_8T.tt1p2v25c       0 
oai21_1x        1540    6465.536    4165.295   1067452.804    MITLL90_STDLIB_8T.tt1p2v25c       0 
oai21_2x           1       7.347       2.452      1286.033    MITLL90_STDLIB_8T.tt1p2v25c       0 
oai22_1x        8140   42718.720   16674.816   2047853.023    MITLL90_STDLIB_8T.tt1p2v25c       0 
or2_1x          1929    8098.714    4786.136   1521066.825    MITLL90_STDLIB_8T.tt1p2v25c       0 
or2_2x             5      26.240      22.912     11414.315    MITLL90_STDLIB_8T.tt1p2v25c       0 
or3_1x           671    4225.690    2279.138    887920.149    MITLL90_STDLIB_8T.tt1p2v25c       0 
sdffrq_1x        200    4198.400    1669.517   1625261.046    MITLL90_STDLIB_8T.tt1p2v25c       0 
xnor2_1x           2      14.694       6.821      1050.210    MITLL90_STDLIB_8T.tt1p2v25c       0 
--------------------------------------------------------------------------------------------------
total         135415  545400.499  260902.224  67253086.934                                


                                             Leakage  Leakage   Internal   Internal 
     Type      Instances    Area    Area % Power (nW) Power %  Power (nW)   Power % 
------------------------------------------------------------------------------------
sequential          4010  42165.581    7.7  22032.177     8.4 12302472.352     18.3 
inverter           26156  56410.752   10.3  48431.036    18.6  9020384.814     13.4 
buffer                76    269.747    0.0    290.204     0.1    63368.971      0.1 
logic             105173 446554.419   81.9 190148.807    72.9 45866860.798     68.2 
physical_cells         0      0.000    0.0      0.000     0.0        0.000      0.0 
------------------------------------------------------------------------------------
total             135415 545400.499  100.0 260902.224   100.0 67253086.934    100.0 

