============================================================
  Generated by:           Genus(TM) Synthesis Solution 23.14-s090_1
  Generated on:           Nov 08 2025  10:42:23 pm
  Module:                 cabbage_pipelined
  Operating conditions:   PVT_1P2V_25C 
  Interconnect mode:      global
  Area mode:              physical library
============================================================

Timing
--------

Analysis view  Clock Period 
----------------------------
view_1p2_25   clock1 2000.0 


  Analysis    Cost   Critical        Violating 
    View     Group  Path Slack  TNS    Paths   
-----------------------------------------------
view_1p2_25  clock1      283.9  0.0          0 
            default   No paths  0.0          0 
-----------------------------------------------
Total                          -0.0          0 
                                               

Instance Count
--------------
Leaf Instance Count             135415 
Physical Instance count              0 
Sequential Instance Count         4010 
Combinational Instance Count    131405 
Hierarchical Instance Count         23 

Area
----
Cell Area                          545400.499
Physical Cell Area                 0.000
Total Cell Area (Cell+Physical)    545400.499
Net Area                           451121.384
Total Area (Cell+Physical+Net)     996521.883

Power
-----
Leakage Power                      260902.224 nW
Dynamic Power                      220284858.283 nW
Total Power                        220545760.507 nW

Max Fanout                         469 (clk)
Min Fanout                         0 (n_rst)
Average Fanout                     2.5
Terms to net ratio                 3.4770
Terms to instance ratio            3.4812
Runtime                            89.969494 seconds
Elapsed Runtime                    88 seconds
Genus peak memory usage            2428.86 
Innovus peak memory usage          no_value 
Hostname                           asicfab.ecn.purdue.edu
