============================================================
  Generated by:           Genus(TM) Synthesis Solution 23.14-s090_1
  Generated on:           Nov 08 2025  10:42:13 pm
  Module:                 cabbage_pipelined
  Operating conditions:   PVT_1P2V_25C 
  Interconnect mode:      global
  Area mode:              physical library
============================================================

# SETUP                  WNS  TNS    FEP 
# -----------------------------------------
 View: ALL             283.9  0.0      0 
    Group : in2out       N/A  N/A    N/A 
    Group : in2reg       N/A  N/A    N/A 
    Group : reg2out   1791.8  0.0      0 
    Group : reg2reg    283.9  0.0      0 

# -----------------------------------------
# DRV                        WNS  TNS  FEP 
# -------------------------------------------
 View: ALL                                 
    Check: max_transition    N/A  N/A    0 
    Check: max_capacitance   N/A  N/A    0 
    Check: max_fanout        N/A  N/A    0 

# -------------------------------------------
