============================================================
  Generated by:           Genus(TM) Synthesis Solution 23.14-s090_1
  Generated on:           Nov 09 2025  05:13:28 pm
  Module:                 benes
  Operating conditions:   PVT_1P2V_25C 
  Interconnect mode:      global
  Area mode:              physical library
============================================================

                                  Leakage     Internal                                  Library 
   Gate    Instances    Area    Power (nW)   Power (nW)              Library             Domain 
------------------------------------------------------------------------------------------------
mux2_1x          512   3761.766   1966.988    966617.381    MITLL90_STDLIB_8T.tt1p2v25c       0 
muxi2_1x        3072  19346.227   6491.944   3740555.106    MITLL90_STDLIB_8T.tt1p2v25c       0 
sdffrq_1x       1024  21495.808   9021.889  16055072.665    MITLL90_STDLIB_8T.tt1p2v25c       0 
------------------------------------------------------------------------------------------------
total           4608  44603.802  17480.820  20762245.152                                


                                            Leakage  Leakage   Internal   Internal 
     Type      Instances    Area   Area % Power (nW) Power %  Power (nW)   Power % 
-----------------------------------------------------------------------------------
sequential          1024 21495.808   48.2   9021.889    51.6 16055072.665     77.3 
logic               3584 23107.994   51.8   8458.932    48.4  4707172.488     22.7 
physical_cells         0     0.000    0.0      0.000     0.0        0.000      0.0 
-----------------------------------------------------------------------------------
total               4608 44603.802  100.0  17480.820   100.0 20762245.152    100.0 

