============================================================
  Generated by:           Genus(TM) Synthesis Solution 23.14-s090_1
  Generated on:           Nov 09 2025  05:13:10 pm
  Module:                 benes
  Operating conditions:   PVT_1P2V_25C 
  Interconnect mode:      global
  Area mode:              physical library
============================================================

Timing
--------

Analysis view  Clock Period 
----------------------------
view_1p2_25   clock1 1250.0 


  Analysis    Cost   Critical        Violating 
    View     Group  Path Slack  TNS    Paths   
-----------------------------------------------
view_1p2_25  clock1      588.6  0.0          0 
            default   No paths  0.0          0 
-----------------------------------------------
Total                          -0.0          0 
                                               

Instance Count
--------------
Leaf Instance Count             4608 
Physical Instance count            0 
Sequential Instance Count       1024 
Combinational Instance Count    3584 
Hierarchical Instance Count        0 

Area
----
Cell Area                          44603.802
Physical Cell Area                 0.000
Total Cell Area (Cell+Physical)    44603.802
Net Area                           18940.462
Total Area (Cell+Physical+Net)     63544.264

Power
-----
Leakage Power                      17480.820 nW
Dynamic Power                      30171321.101 nW
Total Power                        30188801.921 nW

Max Fanout                         1024 (xif_clk)
Min Fanout                         0 (xif_n_rst)
Average Fanout                     2.9
Terms to net ratio                 3.8891
Terms to instance ratio            4.4444
Runtime                            59.554004 seconds
Elapsed Runtime                    63 seconds
Genus peak memory usage            1870.31 
Innovus peak memory usage          no_value 
Hostname                           asicfab.ecn.purdue.edu
