============================================================
  Generated by:           Genus(TM) Synthesis Solution 23.14-s090_1
  Generated on:           Nov 09 2025  05:13:10 pm
  Module:                 benes
  Operating conditions:   PVT_1P2V_25C 
  Interconnect mode:      global
  Area mode:              physical library
============================================================

# SETUP                 WNS   TNS  FEP 
# ---------------------------------------
 View: ALL            588.6   0.0    0 
    Group : in2out    768.9   0.0    0 
    Group : in2reg    588.6   0.0    0 
    Group : reg2out   711.8   0.0    0 
    Group : reg2reg   900.6   0.0    0 

 View: view_1p2_25    588.6  -0.0    0 
    Group : in2out    768.9   0.0    0 
    Group : in2reg    588.6   0.0    0 
    Group : reg2out   711.8   0.0    0 
    Group : reg2reg   900.6   0.0    0 

# ---------------------------------------
# DRV                        WNS  TNS  FEP 
# -------------------------------------------
 View: ALL                                 
    Check: max_transition    N/A  N/A    0 
    Check: max_capacitance   N/A  N/A    0 
    Check: max_fanout        N/A  N/A    0 

 View: view_1p2_25                         
    Check: max_transition    N/A  N/A    0 
    Check: max_capacitance   N/A  N/A    0 
    Check: max_fanout        N/A  N/A    0 

# -------------------------------------------
