INFO: [VRFC 10-2263] Analyzing SystemVerilog file "C:/Users/socce/SoCET/tensor-core/src/modules/cache_bank.sv" into library xil_defaultlib
WARNING: [VRFC 10-8725] `include directive is not isolated on its own line [C:/Users/socce/SoCET/tensor-core/src/modules/cache_bank.sv:1]
WARNING: [VRFC 10-2502] extra semicolon in $unit (global) scope [C:/Users/socce/SoCET/tensor-core/src/modules/cache_bank.sv:1]
INFO: [VRFC 10-311] analyzing module cache_bank
INFO: [VRFC 10-2263] Analyzing SystemVerilog file "C:/Users/socce/SoCET/tensor-core/src/modules/cache_mshr_buffer.sv" into library xil_defaultlib
WARNING: [VRFC 10-8725] `include directive is not isolated on its own line [C:/Users/socce/SoCET/tensor-core/src/modules/cache_mshr_buffer.sv:1]
WARNING: [VRFC 10-2502] extra semicolon in $unit (global) scope [C:/Users/socce/SoCET/tensor-core/src/modules/cache_mshr_buffer.sv:1]
INFO: [VRFC 10-311] analyzing module cache_mshr_buffer
INFO: [VRFC 10-2263] Analyzing SystemVerilog file "C:/Users/socce/SoCET/tensor-core/uvm/lfc_basic_sequence.sv" into library xil_defaultlib
INFO: [VRFC 10-2263] Analyzing SystemVerilog file "C:/Users/socce/SoCET/tensor-core/uvm/lfc_cpu_active_agent.sv" into library xil_defaultlib
INFO: [VRFC 10-2263] Analyzing SystemVerilog file "C:/Users/socce/SoCET/tensor-core/uvm/lfc_cpu_passive_monitor.sv" into library xil_defaultlib
INFO: [VRFC 10-2263] Analyzing SystemVerilog file "C:/Users/socce/SoCET/tensor-core/uvm/lfc_cpu_passive_agent.sv" into library xil_defaultlib
INFO: [VRFC 10-2263] Analyzing SystemVerilog file "C:/Users/socce/SoCET/tensor-core/uvm/lfc_predictor.sv" into library xil_defaultlib
INFO: [VRFC 10-2263] Analyzing SystemVerilog file "C:/Users/socce/SoCET/tensor-core/uvm/lfc_ram_active_agent.sv" into library xil_defaultlib
INFO: [VRFC 10-2263] Analyzing SystemVerilog file "C:/Users/socce/SoCET/tensor-core/uvm/lfc_ram_passive_agent.sv" into library xil_defaultlib
INFO: [VRFC 10-2263] Analyzing SystemVerilog file "C:/Users/socce/SoCET/tensor-core/uvm/tb_top.sv" into library xil_defaultlib
WARNING: [VRFC 10-8725] `include directive is not isolated on its own line [C:/Users/socce/SoCET/tensor-core/uvm/../src/modules/lockup_free_cache.sv:1]
WARNING: [VRFC 10-2502] extra semicolon in $unit (global) scope [C:/Users/socce/SoCET/tensor-core/uvm/../src/modules/lockup_free_cache.sv:1]
INFO: [VRFC 10-311] analyzing module lockup_free_cache
ERROR: [VRFC 10-4982] syntax error near '=' [C:/Users/socce/SoCET/tensor-core/uvm/lfc_environment.sv:16]
ERROR: [VRFC 10-8522] the number of actual arguments '2' differs from the number of formal arguments '3' for macro 'uvm_info' [C:/Users/socce/SoCET/tensor-core/uvm/test.sv:18]
ERROR: [VRFC 10-4982] syntax error near '`' [C:/Users/socce/SoCET/tensor-core/uvm/test.sv:37]
