============================================================
  Generated by:           Genus(TM) Synthesis Solution 23.14-s090_1
  Generated on:           Oct 28 2025  06:20:17 pm
  Module:                 batcher
  Operating conditions:   PVT_1P2V_25C 
  Interconnect mode:      global
  Area mode:              physical library
============================================================

                                   Leakage     Internal                                   Library 
   Gate    Instances     Area    Power (nW)   Power (nW)               Library             Domain 
--------------------------------------------------------------------------------------------------
and2_1x          175     734.720    594.232     228221.395    MITLL90_STDLIB_8T.tt1p2v25c       0 
ao21_1x          815    4277.120   3021.601    2012632.566    MITLL90_STDLIB_8T.tt1p2v25c       0 
ao21_2x            1       6.298      5.513       4994.181    MITLL90_STDLIB_8T.tt1p2v25c       0 
ao21_4x          222    1864.090   1886.642    1868124.397    MITLL90_STDLIB_8T.tt1p2v25c       0 
ao22_1x           46     337.971    185.256     108376.726    MITLL90_STDLIB_8T.tt1p2v25c       0 
aoi21_1x        1119    4698.010   2392.731    1357337.552    MITLL90_STDLIB_8T.tt1p2v25c       0 
aoi22_1x        1075    5641.600   2375.905    1312165.534    MITLL90_STDLIB_8T.tt1p2v25c       0 
dffrq_1x         224    3761.766   1601.781    1514715.205    MITLL90_STDLIB_8T.tt1p2v25c       0 
inv_1x          4570    9593.344   8041.841    1832276.881    MITLL90_STDLIB_8T.tt1p2v25c       0 
inv_2x            16      50.381     59.752      27105.271    MITLL90_STDLIB_8T.tt1p2v25c       0 
mux2_1x          496    3644.211   1937.900    2212986.626    MITLL90_STDLIB_8T.tt1p2v25c       0 
nand2_1x         544    1712.947    701.614     281970.528    MITLL90_STDLIB_8T.tt1p2v25c       0 
nand3_1x         104     436.634    155.297      49320.046    MITLL90_STDLIB_8T.tt1p2v25c       0 
nor2_1x         1217    3832.090   1695.138     581015.106    MITLL90_STDLIB_8T.tt1p2v25c       0 
nor3_1x          632    2653.389    810.139     503838.093    MITLL90_STDLIB_8T.tt1p2v25c       0 
oa21_1x          176     923.648    731.063     529442.329    MITLL90_STDLIB_8T.tt1p2v25c       0 
oa21_4x            1       8.397      9.478       8811.859    MITLL90_STDLIB_8T.tt1p2v25c       0 
oa22_1x          110     808.192    428.589     238605.645    MITLL90_STDLIB_8T.tt1p2v25c       0 
oai21_1x        1383    5806.387   3038.820    1679557.247    MITLL90_STDLIB_8T.tt1p2v25c       0 
oai22_1x         884    4639.232   2019.328    1074106.234    MITLL90_STDLIB_8T.tt1p2v25c       0 
or2_1x           385    1616.384    879.884     381274.778    MITLL90_STDLIB_8T.tt1p2v25c       0 
or2_2x            15      78.720     67.353      66439.906    MITLL90_STDLIB_8T.tt1p2v25c       0 
or3_1x             6      37.786     15.580       4337.065    MITLL90_STDLIB_8T.tt1p2v25c       0 
sdffrq_1x       6944  145768.448  61692.612  101512083.246    MITLL90_STDLIB_8T.tt1p2v25c       0 
--------------------------------------------------------------------------------------------------
total          21160  202931.763  94348.048  119389738.414                                


                                             Leakage  Leakage    Internal   Internal 
     Type      Instances    Area    Area % Power (nW) Power %   Power (nW)   Power % 
-------------------------------------------------------------------------------------
sequential          7168 149530.214   73.7  63294.393    67.1 103026798.450     86.3 
inverter            4586   9643.725    4.8   8101.593     8.6   1859382.153      1.6 
logic               9406  43757.824   21.6  22952.062    24.3  14503557.812     12.1 
physical_cells         0      0.000    0.0      0.000     0.0         0.000      0.0 
-------------------------------------------------------------------------------------
total              21160 202931.763  100.0  94348.048   100.0 119389738.414    100.0 

