============================================================
  Generated by:           Genus(TM) Synthesis Solution 23.14-s090_1
  Generated on:           Oct 28 2025  06:19:54 pm
  Module:                 batcher
  Operating conditions:   PVT_1P2V_25C 
  Interconnect mode:      global
  Area mode:              physical library
============================================================

Timing
--------

Analysis view  Clock Period 
----------------------------
view_1p2_25   clock1 1667.0 


  Analysis    Cost   Critical        Violating 
    View     Group  Path Slack  TNS    Paths   
-----------------------------------------------
view_1p2_25  clock1      256.8  0.0          0 
            default   No paths  0.0          0 
-----------------------------------------------
Total                          -0.0          0 
                                               

Instance Count
--------------
Leaf Instance Count             21160 
Physical Instance count             0 
Sequential Instance Count        7168 
Combinational Instance Count    13992 
Hierarchical Instance Count         0 

Area
----
Cell Area                          202931.763
Physical Cell Area                 0.000
Total Cell Area (Cell+Physical)    202931.763
Net Area                           73337.178
Total Area (Cell+Physical+Net)     276268.941

Power
-----
Leakage Power                      94348.048 nW
Dynamic Power                      167204469.701 nW
Total Power                        167298817.749 nW

Max Fanout                         7168 (xif_clk)
Min Fanout                         0 (xif_in[0][shift][0])
Average Fanout                     2.8
Terms to net ratio                 4.0824
Terms to instance ratio            4.2124
Runtime                            57.492061 seconds
Elapsed Runtime                    58 seconds
Genus peak memory usage            1791.63 
Innovus peak memory usage          no_value 
Hostname                           asicfab.ecn.purdue.edu
