============================================================
  Generated by:           Genus(TM) Synthesis Solution 23.14-s090_1
  Generated on:           Oct 28 2025  06:19:52 pm
  Module:                 batcher
  Operating conditions:   PVT_1P2V_25C 
  Interconnect mode:      global
  Area mode:              physical library
============================================================

# SETUP                 WNS  TNS    FEP 
# ----------------------------------------
 View: ALL            256.8  0.0      0 
    Group : in2out      N/A  N/A    N/A 
    Group : in2reg    637.4  0.0      0 
    Group : reg2out   688.3  0.0      0 
    Group : reg2reg   256.8  0.0      0 

# ----------------------------------------
# DRV                        WNS  TNS  FEP 
# -------------------------------------------
 View: ALL                                 
    Check: max_transition    N/A  N/A    0 
    Check: max_capacitance   N/A  N/A    0 
    Check: max_fanout        N/A  N/A    0 

# -------------------------------------------
